<?xml version="1.0" encoding="UTF-8"?>
<!-- Generated by org.testng.reporters.JUnitReportReporter -->
<testsuite hostname="Pragadeeshwaran" failures="0" tests="1" name="Rest_assured.Rest_assured.App" time="2.598" errors="0" timestamp="2024-01-03T13:39:25 IST" skipped="0">
  <testcase classname="Rest_assured.Rest_assured.App" name="AddEmp" time="2.598"/>
</testsuite> <!-- Rest_assured.Rest_assured.App -->
